<?xml version="1.0" encoding="UTF-8"?>
<!DOCTYPE html PUBLIC "-//W3C//DTD XHTML 1.0 Strict//EN" "http://www.w3.org/TR/xhtml1/DTD/xhtml1-strict.dtd">
<html xmlns="http://www.w3.org/1999/xhtml">
<head>
    <title>泛家居供应链管理系统接口测试报告</title>
    <meta name="generator" content="HTMLTestRunner 0.9.1"/>
    <meta http-equiv="Content-Type" content="text/html; charset=UTF-8"/>
    
    <link href="http://cdn.bootcss.com/bootstrap/3.3.0/css/bootstrap.min.css" rel="stylesheet">
    <script src="https://cdn.bootcss.com/echarts/3.8.5/echarts.common.min.js"></script>
    <!-- <script type="text/javascript" src="js/echarts.common.min.js"></script> -->
    
    
<style type="text/css" media="screen">
    body        { font-family: Microsoft YaHei,Consolas,arial,sans-serif; font-size: 80%; }
    table       { font-size: 100%; }
    pre         { white-space: pre-wrap;word-wrap: break-word; }

    /* -- heading ---------------------------------------------------------------------- */
    h1 {
        font-size: 16pt;
        color: gray;
    }
    .heading {
        margin-top: 0ex;
        margin-bottom: 1ex;
    }

    .heading .attribute {
        margin-top: 1ex;
        margin-bottom: 0;
    }

    .heading .description {
        margin-top: 2ex;
        margin-bottom: 3ex;
    }

    /* -- css div popup ------------------------------------------------------------------------ */
    a.popup_link {
    }

    a.popup_link:hover {
        color: red;
    }

    .popup_window {
        display: none;
        position: relative;
        left: 0px;
        top: 0px;
        /*border: solid #627173 1px; */
        padding: 10px;
        /*background-color: #E6E6D6; */
        font-family: "Lucida Console", "Courier New", Courier, monospace;
        text-align: left;
        font-size: 8pt;
        /* width: 500px;*/
    }

    }
    /* -- report ------------------------------------------------------------------------ */
    #show_detail_line {
        margin-top: 3ex;
        margin-bottom: 1ex;
    }
    #result_table {
        width: 99%;
    }
    #header_row {
        font-weight: bold;
        color: #303641;
        background-color: #ebebeb;
    }
    #total_row  { font-weight: bold; }
    .passClass  { background-color: #bdedbc; }
    .failClass  { background-color: #ffefa4; }
    .errorClass { background-color: #ffc9c9; }
    .passCase   { color: #6c6; }
    .failCase   { color: #FF6600; font-weight: bold; }
    .errorCase  { color: #c00; font-weight: bold; }
    .hiddenRow  { display: none; }
    .testcase   { margin-left: 2em; }


    /* -- ending ---------------------------------------------------------------------- */
    #ending {
    }

    #div_base {
                position:absolute;
                top:0%;
                left:5%;
                right:5%;
                width: auto;
                height: auto;
                margin: -15px 0 0 0;
    }
</style>

    
</head>
<body>
    <script language="javascript" type="text/javascript"><!--
    output_list = Array();

    /* level - 0:Summary; 1:Failed; 2:All */
    function showCase(level) {
        trs = document.getElementsByTagName("tr");
        for (var i = 0; i < trs.length; i++) {
            tr = trs[i];
            id = tr.id;
            if (id.substr(0,2) == 'ft') {
                if (level < 1) {
                    tr.className = 'hiddenRow';
                }
                else {
                    tr.className = '';
                }
            }
            if (id.substr(0,2) == 'pt') {
                if (level > 1) {
                    tr.className = '';
                }
                else {
                    tr.className = 'hiddenRow';
                }
            }
        }
    }


    function showClassDetail(cid, count) {
        var id_list = Array(count);
        var toHide = 1;
        for (var i = 0; i < count; i++) {
            tid0 = 't' + cid.substr(1) + '.' + (i+1);
            tid = 'f' + tid0;
            tr = document.getElementById(tid);
            if (!tr) {
                tid = 'p' + tid0;
                tr = document.getElementById(tid);
            }
            id_list[i] = tid;
            if (tr.className) {
                toHide = 0;
            }
        }
        for (var i = 0; i < count; i++) {
            tid = id_list[i];
            if (toHide) {
                document.getElementById('div_'+tid).style.display = 'none'
                document.getElementById(tid).className = 'hiddenRow';
            }
            else {
                document.getElementById(tid).className = '';
            }
        }
    }


    function showTestDetail(div_id){
        var details_div = document.getElementById(div_id)
        var displayState = details_div.style.display
        // alert(displayState)
        if (displayState != 'block' ) {
            displayState = 'block'
            details_div.style.display = 'block'
        }
        else {
            details_div.style.display = 'none'
        }
    }


    function html_escape(s) {
        s = s.replace(/&/g,'&amp;');
        s = s.replace(/</g,'&lt;');
        s = s.replace(/>/g,'&gt;');
        return s;
    }

    /* obsoleted by detail in <div>
    function showOutput(id, name) {
        var w = window.open("", //url
                        name,
                        "resizable,scrollbars,status,width=800,height=450");
        d = w.document;
        d.write("<pre>");
        d.write(html_escape(output_list[id]));
        d.write("\n");
        d.write("<a href='javascript:window.close()'>close</a>\n");
        d.write("</pre>\n");
        d.close();
    }
    */
    --></script>

    <div id="div_base">
        
    <div class='page-header'>
        <h1>泛家居供应链管理系统接口测试报告</h1>
    <p class='attribute'><strong>开始时间:</strong> 2018-07-31 10:44:06</p>
<p class='attribute'><strong>运行时长:</strong> 0:00:00.030910</p>
<p class='attribute'><strong>状态:</strong> 错误 39</p>

    </div>
    <div style="float: left;width:50%;"><p class='description'></p></div>
    <div id="chart" style="width:50%;height:400px;float:left;"></div>

        
    <div class="btn-group btn-group-sm">
        <button class="btn btn-default" onclick='javascript:showCase(0)'>总结</button>
        <button class="btn btn-default" onclick='javascript:showCase(1)'>失败</button>
        <button class="btn btn-default" onclick='javascript:showCase(2)'>全部</button>
    </div>
    <p></p>
    <table id='result_table' class="table table-bordered">
        <colgroup>
            <col align='left' />
            <col align='right' />
            <col align='right' />
            <col align='right' />
            <col align='right' />
            <col align='right' />
        </colgroup>
        <tr id='header_row'>
            <td>测试套件/测试用例</td>
            <td>总数</td>
            <td>通过</td>
            <td>失败</td>
            <td>错误</td>
            <td>查看</td>
        </tr>
        
    <tr class='errorClass'>
        <td>unittest.loader._FailedTest</td>
        <td>39</td>
        <td>0</td>
        <td>0</td>
        <td>39</td>
        <td><a href="javascript:showClassDetail('c1',39)">详情</a></td>
    </tr>

<tr id='ft1.1' class='none'>
    <td class='errorCase'><div class='testcase'>testAppAppointDistributionSearch</div></td>
    <td colspan='5' align='center'>

    <!--css div popup start-->
    <a class="popup_link" onfocus='this.blur();' href="javascript:showTestDetail('div_ft1.1')" >
        错误</a>

    <div id='div_ft1.1' class="popup_window">
        <pre>ft1.1: ImportError: Failed to import test module: testAppAppointDistributionSearch
Traceback (most recent call last):
  File "E:\python\Python36-32\lib\unittest\loader.py", line 428, in _find_test_path
    module = self._get_module_from_name(name)
  File "E:\python\Python36-32\lib\unittest\loader.py", line 369, in _get_module_from_name
    __import__(name)
  File "f:\843092012\FileRecv\AutoTest\InterfaceTest\AthenaTest\testcase\search_testcase\testAppAppointDistributionSearch.py", line 3, in &lt;module&gt;
    from AthenaTest.common.loadDatas import *
ModuleNotFoundError: No module named 'AthenaTest'

</pre>
    </div>
    <!--css div popup end-->

    </td>
</tr>

<tr id='ft1.2' class='none'>
    <td class='errorCase'><div class='testcase'>testAppExceptionHandSearch</div></td>
    <td colspan='5' align='center'>

    <!--css div popup start-->
    <a class="popup_link" onfocus='this.blur();' href="javascript:showTestDetail('div_ft1.2')" >
        错误</a>

    <div id='div_ft1.2' class="popup_window">
        <pre>ft1.2: ImportError: Failed to import test module: testAppExceptionHandSearch
Traceback (most recent call last):
  File "E:\python\Python36-32\lib\unittest\loader.py", line 428, in _find_test_path
    module = self._get_module_from_name(name)
  File "E:\python\Python36-32\lib\unittest\loader.py", line 369, in _get_module_from_name
    __import__(name)
  File "f:\843092012\FileRecv\AutoTest\InterfaceTest\AthenaTest\testcase\search_testcase\testAppExceptionHandSearch.py", line 3, in &lt;module&gt;
    from AthenaTest.common.loadDatas import *
ModuleNotFoundError: No module named 'AthenaTest'

</pre>
    </div>
    <!--css div popup end-->

    </td>
</tr>

<tr id='ft1.3' class='none'>
    <td class='errorCase'><div class='testcase'>testAppHomeSearch</div></td>
    <td colspan='5' align='center'>

    <!--css div popup start-->
    <a class="popup_link" onfocus='this.blur();' href="javascript:showTestDetail('div_ft1.3')" >
        错误</a>

    <div id='div_ft1.3' class="popup_window">
        <pre>ft1.3: ImportError: Failed to import test module: testAppHomeSearch
Traceback (most recent call last):
  File "E:\python\Python36-32\lib\unittest\loader.py", line 428, in _find_test_path
    module = self._get_module_from_name(name)
  File "E:\python\Python36-32\lib\unittest\loader.py", line 369, in _get_module_from_name
    __import__(name)
  File "f:\843092012\FileRecv\AutoTest\InterfaceTest\AthenaTest\testcase\search_testcase\testAppHomeSearch.py", line 3, in &lt;module&gt;
    from AthenaTest.common.loadDatas import *
ModuleNotFoundError: No module named 'AthenaTest'

</pre>
    </div>
    <!--css div popup end-->

    </td>
</tr>

<tr id='ft1.4' class='none'>
    <td class='errorCase'><div class='testcase'>testAppIkeaSamsReturnSearch</div></td>
    <td colspan='5' align='center'>

    <!--css div popup start-->
    <a class="popup_link" onfocus='this.blur();' href="javascript:showTestDetail('div_ft1.4')" >
        错误</a>

    <div id='div_ft1.4' class="popup_window">
        <pre>ft1.4: ImportError: Failed to import test module: testAppIkeaSamsReturnSearch
Traceback (most recent call last):
  File "E:\python\Python36-32\lib\unittest\loader.py", line 428, in _find_test_path
    module = self._get_module_from_name(name)
  File "E:\python\Python36-32\lib\unittest\loader.py", line 369, in _get_module_from_name
    __import__(name)
  File "f:\843092012\FileRecv\AutoTest\InterfaceTest\AthenaTest\testcase\search_testcase\testAppIkeaSamsReturnSearch.py", line 3, in &lt;module&gt;
    from AthenaTest.common.loadDatas import *
ModuleNotFoundError: No module named 'AthenaTest'

</pre>
    </div>
    <!--css div popup end-->

    </td>
</tr>

<tr id='ft1.5' class='none'>
    <td class='errorCase'><div class='testcase'>testAppIkeaServiceSearch</div></td>
    <td colspan='5' align='center'>

    <!--css div popup start-->
    <a class="popup_link" onfocus='this.blur();' href="javascript:showTestDetail('div_ft1.5')" >
        错误</a>

    <div id='div_ft1.5' class="popup_window">
        <pre>ft1.5: ImportError: Failed to import test module: testAppIkeaServiceSearch
Traceback (most recent call last):
  File "E:\python\Python36-32\lib\unittest\loader.py", line 428, in _find_test_path
    module = self._get_module_from_name(name)
  File "E:\python\Python36-32\lib\unittest\loader.py", line 369, in _get_module_from_name
    __import__(name)
  File "f:\843092012\FileRecv\AutoTest\InterfaceTest\AthenaTest\testcase\search_testcase\testAppIkeaServiceSearch.py", line 3, in &lt;module&gt;
    from AthenaTest.common.loadDatas import *
ModuleNotFoundError: No module named 'AthenaTest'

</pre>
    </div>
    <!--css div popup end-->

    </td>
</tr>

<tr id='ft1.6' class='none'>
    <td class='errorCase'><div class='testcase'>testAppIkeaShipmentSearch</div></td>
    <td colspan='5' align='center'>

    <!--css div popup start-->
    <a class="popup_link" onfocus='this.blur();' href="javascript:showTestDetail('div_ft1.6')" >
        错误</a>

    <div id='div_ft1.6' class="popup_window">
        <pre>ft1.6: ImportError: Failed to import test module: testAppIkeaShipmentSearch
Traceback (most recent call last):
  File "E:\python\Python36-32\lib\unittest\loader.py", line 428, in _find_test_path
    module = self._get_module_from_name(name)
  File "E:\python\Python36-32\lib\unittest\loader.py", line 369, in _get_module_from_name
    __import__(name)
  File "f:\843092012\FileRecv\AutoTest\InterfaceTest\AthenaTest\testcase\search_testcase\testAppIkeaShipmentSearch.py", line 3, in &lt;module&gt;
    from AthenaTest.common.loadDatas import *
ModuleNotFoundError: No module named 'AthenaTest'

</pre>
    </div>
    <!--css div popup end-->

    </td>
</tr>

<tr id='ft1.7' class='none'>
    <td class='errorCase'><div class='testcase'>testAppMyexceptionHandSearch</div></td>
    <td colspan='5' align='center'>

    <!--css div popup start-->
    <a class="popup_link" onfocus='this.blur();' href="javascript:showTestDetail('div_ft1.7')" >
        错误</a>

    <div id='div_ft1.7' class="popup_window">
        <pre>ft1.7: ImportError: Failed to import test module: testAppMyexceptionHandSearch
Traceback (most recent call last):
  File "E:\python\Python36-32\lib\unittest\loader.py", line 428, in _find_test_path
    module = self._get_module_from_name(name)
  File "E:\python\Python36-32\lib\unittest\loader.py", line 369, in _get_module_from_name
    __import__(name)
  File "f:\843092012\FileRecv\AutoTest\InterfaceTest\AthenaTest\testcase\search_testcase\testAppMyexceptionHandSearch.py", line 3, in &lt;module&gt;
    from AthenaTest.common.loadDatas import *
ModuleNotFoundError: No module named 'AthenaTest'

</pre>
    </div>
    <!--css div popup end-->

    </td>
</tr>

<tr id='ft1.8' class='none'>
    <td class='errorCase'><div class='testcase'>testAppOrderFlowSearch</div></td>
    <td colspan='5' align='center'>

    <!--css div popup start-->
    <a class="popup_link" onfocus='this.blur();' href="javascript:showTestDetail('div_ft1.8')" >
        错误</a>

    <div id='div_ft1.8' class="popup_window">
        <pre>ft1.8: ImportError: Failed to import test module: testAppOrderFlowSearch
Traceback (most recent call last):
  File "E:\python\Python36-32\lib\unittest\loader.py", line 428, in _find_test_path
    module = self._get_module_from_name(name)
  File "E:\python\Python36-32\lib\unittest\loader.py", line 369, in _get_module_from_name
    __import__(name)
  File "f:\843092012\FileRecv\AutoTest\InterfaceTest\AthenaTest\testcase\search_testcase\testAppOrderFlowSearch.py", line 3, in &lt;module&gt;
    from AthenaTest.common.loadDatas import *
ModuleNotFoundError: No module named 'AthenaTest'

</pre>
    </div>
    <!--css div popup end-->

    </td>
</tr>

<tr id='ft1.9' class='none'>
    <td class='errorCase'><div class='testcase'>testAppOrderSearch</div></td>
    <td colspan='5' align='center'>

    <!--css div popup start-->
    <a class="popup_link" onfocus='this.blur();' href="javascript:showTestDetail('div_ft1.9')" >
        错误</a>

    <div id='div_ft1.9' class="popup_window">
        <pre>ft1.9: ImportError: Failed to import test module: testAppOrderSearch
Traceback (most recent call last):
  File "E:\python\Python36-32\lib\unittest\loader.py", line 428, in _find_test_path
    module = self._get_module_from_name(name)
  File "E:\python\Python36-32\lib\unittest\loader.py", line 369, in _get_module_from_name
    __import__(name)
  File "f:\843092012\FileRecv\AutoTest\InterfaceTest\AthenaTest\testcase\search_testcase\testAppOrderSearch.py", line 3, in &lt;module&gt;
    from AthenaTest.common.loadDatas import *
ModuleNotFoundError: No module named 'AthenaTest'

</pre>
    </div>
    <!--css div popup end-->

    </td>
</tr>

<tr id='ft1.10' class='none'>
    <td class='errorCase'><div class='testcase'>testAppOrderTurnSearch</div></td>
    <td colspan='5' align='center'>

    <!--css div popup start-->
    <a class="popup_link" onfocus='this.blur();' href="javascript:showTestDetail('div_ft1.10')" >
        错误</a>

    <div id='div_ft1.10' class="popup_window">
        <pre>ft1.10: ImportError: Failed to import test module: testAppOrderTurnSearch
Traceback (most recent call last):
  File "E:\python\Python36-32\lib\unittest\loader.py", line 428, in _find_test_path
    module = self._get_module_from_name(name)
  File "E:\python\Python36-32\lib\unittest\loader.py", line 369, in _get_module_from_name
    __import__(name)
  File "f:\843092012\FileRecv\AutoTest\InterfaceTest\AthenaTest\testcase\search_testcase\testAppOrderTurnSearch.py", line 3, in &lt;module&gt;
    from AthenaTest.common.loadDatas import *
ModuleNotFoundError: No module named 'AthenaTest'

</pre>
    </div>
    <!--css div popup end-->

    </td>
</tr>

<tr id='ft1.11' class='none'>
    <td class='errorCase'><div class='testcase'>testAppPendingOrderSearch</div></td>
    <td colspan='5' align='center'>

    <!--css div popup start-->
    <a class="popup_link" onfocus='this.blur();' href="javascript:showTestDetail('div_ft1.11')" >
        错误</a>

    <div id='div_ft1.11' class="popup_window">
        <pre>ft1.11: ImportError: Failed to import test module: testAppPendingOrderSearch
Traceback (most recent call last):
  File "E:\python\Python36-32\lib\unittest\loader.py", line 428, in _find_test_path
    module = self._get_module_from_name(name)
  File "E:\python\Python36-32\lib\unittest\loader.py", line 369, in _get_module_from_name
    __import__(name)
  File "f:\843092012\FileRecv\AutoTest\InterfaceTest\AthenaTest\testcase\search_testcase\testAppPendingOrderSearch.py", line 3, in &lt;module&gt;
    from AthenaTest.common.loadDatas import *
ModuleNotFoundError: No module named 'AthenaTest'

</pre>
    </div>
    <!--css div popup end-->

    </td>
</tr>

<tr id='ft1.12' class='none'>
    <td class='errorCase'><div class='testcase'>testAppSignOrderSearch</div></td>
    <td colspan='5' align='center'>

    <!--css div popup start-->
    <a class="popup_link" onfocus='this.blur();' href="javascript:showTestDetail('div_ft1.12')" >
        错误</a>

    <div id='div_ft1.12' class="popup_window">
        <pre>ft1.12: ImportError: Failed to import test module: testAppSignOrderSearch
Traceback (most recent call last):
  File "E:\python\Python36-32\lib\unittest\loader.py", line 428, in _find_test_path
    module = self._get_module_from_name(name)
  File "E:\python\Python36-32\lib\unittest\loader.py", line 369, in _get_module_from_name
    __import__(name)
  File "f:\843092012\FileRecv\AutoTest\InterfaceTest\AthenaTest\testcase\search_testcase\testAppSignOrderSearch.py", line 3, in &lt;module&gt;
    from  AthenaTest.common.loadDatas import *
ModuleNotFoundError: No module named 'AthenaTest'

</pre>
    </div>
    <!--css div popup end-->

    </td>
</tr>

<tr id='ft1.13' class='none'>
    <td class='errorCase'><div class='testcase'>testWebBackendSearch</div></td>
    <td colspan='5' align='center'>

    <!--css div popup start-->
    <a class="popup_link" onfocus='this.blur();' href="javascript:showTestDetail('div_ft1.13')" >
        错误</a>

    <div id='div_ft1.13' class="popup_window">
        <pre>ft1.13: ImportError: Failed to import test module: testWebBackendSearch
Traceback (most recent call last):
  File "E:\python\Python36-32\lib\unittest\loader.py", line 428, in _find_test_path
    module = self._get_module_from_name(name)
  File "E:\python\Python36-32\lib\unittest\loader.py", line 369, in _get_module_from_name
    __import__(name)
  File "f:\843092012\FileRecv\AutoTest\InterfaceTest\AthenaTest\testcase\search_testcase\testWebBackendSearch.py", line 3, in &lt;module&gt;
    from AthenaTest.common.loadDatas import *
ModuleNotFoundError: No module named 'AthenaTest'

</pre>
    </div>
    <!--css div popup end-->

    </td>
</tr>

<tr id='ft1.14' class='none'>
    <td class='errorCase'><div class='testcase'>testWebBasicDataAuditSearch</div></td>
    <td colspan='5' align='center'>

    <!--css div popup start-->
    <a class="popup_link" onfocus='this.blur();' href="javascript:showTestDetail('div_ft1.14')" >
        错误</a>

    <div id='div_ft1.14' class="popup_window">
        <pre>ft1.14: ImportError: Failed to import test module: testWebBasicDataAuditSearch
Traceback (most recent call last):
  File "E:\python\Python36-32\lib\unittest\loader.py", line 428, in _find_test_path
    module = self._get_module_from_name(name)
  File "E:\python\Python36-32\lib\unittest\loader.py", line 369, in _get_module_from_name
    __import__(name)
  File "f:\843092012\FileRecv\AutoTest\InterfaceTest\AthenaTest\testcase\search_testcase\testWebBasicDataAuditSearch.py", line 3, in &lt;module&gt;
    from AthenaTest.common.loadDatas import *
ModuleNotFoundError: No module named 'AthenaTest'

</pre>
    </div>
    <!--css div popup end-->

    </td>
</tr>

<tr id='ft1.15' class='none'>
    <td class='errorCase'><div class='testcase'>testWebBasicDataSearch</div></td>
    <td colspan='5' align='center'>

    <!--css div popup start-->
    <a class="popup_link" onfocus='this.blur();' href="javascript:showTestDetail('div_ft1.15')" >
        错误</a>

    <div id='div_ft1.15' class="popup_window">
        <pre>ft1.15: ImportError: Failed to import test module: testWebBasicDataSearch
Traceback (most recent call last):
  File "E:\python\Python36-32\lib\unittest\loader.py", line 428, in _find_test_path
    module = self._get_module_from_name(name)
  File "E:\python\Python36-32\lib\unittest\loader.py", line 369, in _get_module_from_name
    __import__(name)
  File "f:\843092012\FileRecv\AutoTest\InterfaceTest\AthenaTest\testcase\search_testcase\testWebBasicDataSearch.py", line 3, in &lt;module&gt;
    from AthenaTest.common.loadDatas import *
ModuleNotFoundError: No module named 'AthenaTest'

</pre>
    </div>
    <!--css div popup end-->

    </td>
</tr>

<tr id='ft1.16' class='none'>
    <td class='errorCase'><div class='testcase'>testWebBasicDataUpdateSearch</div></td>
    <td colspan='5' align='center'>

    <!--css div popup start-->
    <a class="popup_link" onfocus='this.blur();' href="javascript:showTestDetail('div_ft1.16')" >
        错误</a>

    <div id='div_ft1.16' class="popup_window">
        <pre>ft1.16: ImportError: Failed to import test module: testWebBasicDataUpdateSearch
Traceback (most recent call last):
  File "E:\python\Python36-32\lib\unittest\loader.py", line 428, in _find_test_path
    module = self._get_module_from_name(name)
  File "E:\python\Python36-32\lib\unittest\loader.py", line 369, in _get_module_from_name
    __import__(name)
  File "f:\843092012\FileRecv\AutoTest\InterfaceTest\AthenaTest\testcase\search_testcase\testWebBasicDataUpdateSearch.py", line 3, in &lt;module&gt;
    from AthenaTest.common.loadDatas import *
ModuleNotFoundError: No module named 'AthenaTest'

</pre>
    </div>
    <!--css div popup end-->

    </td>
</tr>

<tr id='ft1.17' class='none'>
    <td class='errorCase'><div class='testcase'>testWebBranchClearingSearch</div></td>
    <td colspan='5' align='center'>

    <!--css div popup start-->
    <a class="popup_link" onfocus='this.blur();' href="javascript:showTestDetail('div_ft1.17')" >
        错误</a>

    <div id='div_ft1.17' class="popup_window">
        <pre>ft1.17: ImportError: Failed to import test module: testWebBranchClearingSearch
Traceback (most recent call last):
  File "E:\python\Python36-32\lib\unittest\loader.py", line 428, in _find_test_path
    module = self._get_module_from_name(name)
  File "E:\python\Python36-32\lib\unittest\loader.py", line 369, in _get_module_from_name
    __import__(name)
  File "f:\843092012\FileRecv\AutoTest\InterfaceTest\AthenaTest\testcase\search_testcase\testWebBranchClearingSearch.py", line 3, in &lt;module&gt;
    from AthenaTest.common.loadDatas import *
ModuleNotFoundError: No module named 'AthenaTest'

</pre>
    </div>
    <!--css div popup end-->

    </td>
</tr>

<tr id='ft1.18' class='none'>
    <td class='errorCase'><div class='testcase'>testWebBranchOrderSearch</div></td>
    <td colspan='5' align='center'>

    <!--css div popup start-->
    <a class="popup_link" onfocus='this.blur();' href="javascript:showTestDetail('div_ft1.18')" >
        错误</a>

    <div id='div_ft1.18' class="popup_window">
        <pre>ft1.18: ImportError: Failed to import test module: testWebBranchOrderSearch
Traceback (most recent call last):
  File "E:\python\Python36-32\lib\unittest\loader.py", line 428, in _find_test_path
    module = self._get_module_from_name(name)
  File "E:\python\Python36-32\lib\unittest\loader.py", line 369, in _get_module_from_name
    __import__(name)
  File "f:\843092012\FileRecv\AutoTest\InterfaceTest\AthenaTest\testcase\search_testcase\testWebBranchOrderSearch.py", line 3, in &lt;module&gt;
    from AthenaTest.common.loadDatas import *
ModuleNotFoundError: No module named 'AthenaTest'

</pre>
    </div>
    <!--css div popup end-->

    </td>
</tr>

<tr id='ft1.19' class='none'>
    <td class='errorCase'><div class='testcase'>testWebBranchUserManageSearch</div></td>
    <td colspan='5' align='center'>

    <!--css div popup start-->
    <a class="popup_link" onfocus='this.blur();' href="javascript:showTestDetail('div_ft1.19')" >
        错误</a>

    <div id='div_ft1.19' class="popup_window">
        <pre>ft1.19: ImportError: Failed to import test module: testWebBranchUserManageSearch
Traceback (most recent call last):
  File "E:\python\Python36-32\lib\unittest\loader.py", line 428, in _find_test_path
    module = self._get_module_from_name(name)
  File "E:\python\Python36-32\lib\unittest\loader.py", line 369, in _get_module_from_name
    __import__(name)
  File "f:\843092012\FileRecv\AutoTest\InterfaceTest\AthenaTest\testcase\search_testcase\testWebBranchUserManageSearch.py", line 3, in &lt;module&gt;
    from AthenaTest.common.loadDatas import *
ModuleNotFoundError: No module named 'AthenaTest'

</pre>
    </div>
    <!--css div popup end-->

    </td>
</tr>

<tr id='ft1.20' class='none'>
    <td class='errorCase'><div class='testcase'>testWebCreditManageSearch</div></td>
    <td colspan='5' align='center'>

    <!--css div popup start-->
    <a class="popup_link" onfocus='this.blur();' href="javascript:showTestDetail('div_ft1.20')" >
        错误</a>

    <div id='div_ft1.20' class="popup_window">
        <pre>ft1.20: ImportError: Failed to import test module: testWebCreditManageSearch
Traceback (most recent call last):
  File "E:\python\Python36-32\lib\unittest\loader.py", line 428, in _find_test_path
    module = self._get_module_from_name(name)
  File "E:\python\Python36-32\lib\unittest\loader.py", line 369, in _get_module_from_name
    __import__(name)
  File "f:\843092012\FileRecv\AutoTest\InterfaceTest\AthenaTest\testcase\search_testcase\testWebCreditManageSearch.py", line 3, in &lt;module&gt;
    from AthenaTest.common.loadDatas import *
ModuleNotFoundError: No module named 'AthenaTest'

</pre>
    </div>
    <!--css div popup end-->

    </td>
</tr>

<tr id='ft1.21' class='none'>
    <td class='errorCase'><div class='testcase'>testWebExceptionHandSearch</div></td>
    <td colspan='5' align='center'>

    <!--css div popup start-->
    <a class="popup_link" onfocus='this.blur();' href="javascript:showTestDetail('div_ft1.21')" >
        错误</a>

    <div id='div_ft1.21' class="popup_window">
        <pre>ft1.21: ImportError: Failed to import test module: testWebExceptionHandSearch
Traceback (most recent call last):
  File "E:\python\Python36-32\lib\unittest\loader.py", line 428, in _find_test_path
    module = self._get_module_from_name(name)
  File "E:\python\Python36-32\lib\unittest\loader.py", line 369, in _get_module_from_name
    __import__(name)
  File "f:\843092012\FileRecv\AutoTest\InterfaceTest\AthenaTest\testcase\search_testcase\testWebExceptionHandSearch.py", line 3, in &lt;module&gt;
    from AthenaTest.common.loadDatas import *
ModuleNotFoundError: No module named 'AthenaTest'

</pre>
    </div>
    <!--css div popup end-->

    </td>
</tr>

<tr id='ft1.22' class='none'>
    <td class='errorCase'><div class='testcase'>testWebFrontendSearch</div></td>
    <td colspan='5' align='center'>

    <!--css div popup start-->
    <a class="popup_link" onfocus='this.blur();' href="javascript:showTestDetail('div_ft1.22')" >
        错误</a>

    <div id='div_ft1.22' class="popup_window">
        <pre>ft1.22: ImportError: Failed to import test module: testWebFrontendSearch
Traceback (most recent call last):
  File "E:\python\Python36-32\lib\unittest\loader.py", line 428, in _find_test_path
    module = self._get_module_from_name(name)
  File "E:\python\Python36-32\lib\unittest\loader.py", line 369, in _get_module_from_name
    __import__(name)
  File "f:\843092012\FileRecv\AutoTest\InterfaceTest\AthenaTest\testcase\search_testcase\testWebFrontendSearch.py", line 3, in &lt;module&gt;
    from AthenaTest.common.loadDatas import *
ModuleNotFoundError: No module named 'AthenaTest'

</pre>
    </div>
    <!--css div popup end-->

    </td>
</tr>

<tr id='ft1.23' class='none'>
    <td class='errorCase'><div class='testcase'>testWebHeadquarterClearingSearch</div></td>
    <td colspan='5' align='center'>

    <!--css div popup start-->
    <a class="popup_link" onfocus='this.blur();' href="javascript:showTestDetail('div_ft1.23')" >
        错误</a>

    <div id='div_ft1.23' class="popup_window">
        <pre>ft1.23: ImportError: Failed to import test module: testWebHeadquarterClearingSearch
Traceback (most recent call last):
  File "E:\python\Python36-32\lib\unittest\loader.py", line 428, in _find_test_path
    module = self._get_module_from_name(name)
  File "E:\python\Python36-32\lib\unittest\loader.py", line 369, in _get_module_from_name
    __import__(name)
  File "f:\843092012\FileRecv\AutoTest\InterfaceTest\AthenaTest\testcase\search_testcase\testWebHeadquarterClearingSearch.py", line 3, in &lt;module&gt;
    from AthenaTest.common.loadDatas import *
ModuleNotFoundError: No module named 'AthenaTest'

</pre>
    </div>
    <!--css div popup end-->

    </td>
</tr>

<tr id='ft1.24' class='none'>
    <td class='errorCase'><div class='testcase'>testWebIkeaAbnormalHandSearch</div></td>
    <td colspan='5' align='center'>

    <!--css div popup start-->
    <a class="popup_link" onfocus='this.blur();' href="javascript:showTestDetail('div_ft1.24')" >
        错误</a>

    <div id='div_ft1.24' class="popup_window">
        <pre>ft1.24: ImportError: Failed to import test module: testWebIkeaAbnormalHandSearch
Traceback (most recent call last):
  File "E:\python\Python36-32\lib\unittest\loader.py", line 428, in _find_test_path
    module = self._get_module_from_name(name)
  File "E:\python\Python36-32\lib\unittest\loader.py", line 369, in _get_module_from_name
    __import__(name)
  File "f:\843092012\FileRecv\AutoTest\InterfaceTest\AthenaTest\testcase\search_testcase\testWebIkeaAbnormalHandSearch.py", line 3, in &lt;module&gt;
    from AthenaTest.common.loadDatas import *
ModuleNotFoundError: No module named 'AthenaTest'

</pre>
    </div>
    <!--css div popup end-->

    </td>
</tr>

<tr id='ft1.25' class='none'>
    <td class='errorCase'><div class='testcase'>testWebIkeaBasicDataSearch</div></td>
    <td colspan='5' align='center'>

    <!--css div popup start-->
    <a class="popup_link" onfocus='this.blur();' href="javascript:showTestDetail('div_ft1.25')" >
        错误</a>

    <div id='div_ft1.25' class="popup_window">
        <pre>ft1.25: ImportError: Failed to import test module: testWebIkeaBasicDataSearch
Traceback (most recent call last):
  File "E:\python\Python36-32\lib\unittest\loader.py", line 428, in _find_test_path
    module = self._get_module_from_name(name)
  File "E:\python\Python36-32\lib\unittest\loader.py", line 369, in _get_module_from_name
    __import__(name)
  File "f:\843092012\FileRecv\AutoTest\InterfaceTest\AthenaTest\testcase\search_testcase\testWebIkeaBasicDataSearch.py", line 3, in &lt;module&gt;
    from AthenaTest.common.loadDatas import *
ModuleNotFoundError: No module named 'AthenaTest'

</pre>
    </div>
    <!--css div popup end-->

    </td>
</tr>

<tr id='ft1.26' class='none'>
    <td class='errorCase'><div class='testcase'>testWebIkeaDispatchManageSearch</div></td>
    <td colspan='5' align='center'>

    <!--css div popup start-->
    <a class="popup_link" onfocus='this.blur();' href="javascript:showTestDetail('div_ft1.26')" >
        错误</a>

    <div id='div_ft1.26' class="popup_window">
        <pre>ft1.26: ImportError: Failed to import test module: testWebIkeaDispatchManageSearch
Traceback (most recent call last):
  File "E:\python\Python36-32\lib\unittest\loader.py", line 428, in _find_test_path
    module = self._get_module_from_name(name)
  File "E:\python\Python36-32\lib\unittest\loader.py", line 369, in _get_module_from_name
    __import__(name)
  File "f:\843092012\FileRecv\AutoTest\InterfaceTest\AthenaTest\testcase\search_testcase\testWebIkeaDispatchManageSearch.py", line 3, in &lt;module&gt;
    from AthenaTest.common.loadDatas import *
ModuleNotFoundError: No module named 'AthenaTest'

</pre>
    </div>
    <!--css div popup end-->

    </td>
</tr>

<tr id='ft1.27' class='none'>
    <td class='errorCase'><div class='testcase'>testWebIkeaServiceManageSearch</div></td>
    <td colspan='5' align='center'>

    <!--css div popup start-->
    <a class="popup_link" onfocus='this.blur();' href="javascript:showTestDetail('div_ft1.27')" >
        错误</a>

    <div id='div_ft1.27' class="popup_window">
        <pre>ft1.27: ImportError: Failed to import test module: testWebIkeaServiceManageSearch
Traceback (most recent call last):
  File "E:\python\Python36-32\lib\unittest\loader.py", line 428, in _find_test_path
    module = self._get_module_from_name(name)
  File "E:\python\Python36-32\lib\unittest\loader.py", line 369, in _get_module_from_name
    __import__(name)
  File "f:\843092012\FileRecv\AutoTest\InterfaceTest\AthenaTest\testcase\search_testcase\testWebIkeaServiceManageSearch.py", line 3, in &lt;module&gt;
    from AthenaTest.common.loadDatas import *
ModuleNotFoundError: No module named 'AthenaTest'

</pre>
    </div>
    <!--css div popup end-->

    </td>
</tr>

<tr id='ft1.28' class='none'>
    <td class='errorCase'><div class='testcase'>testWebIkeaShipmentManageSearch</div></td>
    <td colspan='5' align='center'>

    <!--css div popup start-->
    <a class="popup_link" onfocus='this.blur();' href="javascript:showTestDetail('div_ft1.28')" >
        错误</a>

    <div id='div_ft1.28' class="popup_window">
        <pre>ft1.28: ImportError: Failed to import test module: testWebIkeaShipmentManageSearch
Traceback (most recent call last):
  File "E:\python\Python36-32\lib\unittest\loader.py", line 428, in _find_test_path
    module = self._get_module_from_name(name)
  File "E:\python\Python36-32\lib\unittest\loader.py", line 369, in _get_module_from_name
    __import__(name)
  File "f:\843092012\FileRecv\AutoTest\InterfaceTest\AthenaTest\testcase\search_testcase\testWebIkeaShipmentManageSearch.py", line 3, in &lt;module&gt;
    from AthenaTest.common.loadDatas import *
ModuleNotFoundError: No module named 'AthenaTest'

</pre>
    </div>
    <!--css div popup end-->

    </td>
</tr>

<tr id='ft1.29' class='none'>
    <td class='errorCase'><div class='testcase'>testWebMarketCenterSearch</div></td>
    <td colspan='5' align='center'>

    <!--css div popup start-->
    <a class="popup_link" onfocus='this.blur();' href="javascript:showTestDetail('div_ft1.29')" >
        错误</a>

    <div id='div_ft1.29' class="popup_window">
        <pre>ft1.29: ImportError: Failed to import test module: testWebMarketCenterSearch
Traceback (most recent call last):
  File "E:\python\Python36-32\lib\unittest\loader.py", line 428, in _find_test_path
    module = self._get_module_from_name(name)
  File "E:\python\Python36-32\lib\unittest\loader.py", line 369, in _get_module_from_name
    __import__(name)
  File "f:\843092012\FileRecv\AutoTest\InterfaceTest\AthenaTest\testcase\search_testcase\testWebMarketCenterSearch.py", line 3, in &lt;module&gt;
    from AthenaTest.common.loadDatas import *
ModuleNotFoundError: No module named 'AthenaTest'

</pre>
    </div>
    <!--css div popup end-->

    </td>
</tr>

<tr id='ft1.30' class='none'>
    <td class='errorCase'><div class='testcase'>testWebMerchantSearch</div></td>
    <td colspan='5' align='center'>

    <!--css div popup start-->
    <a class="popup_link" onfocus='this.blur();' href="javascript:showTestDetail('div_ft1.30')" >
        错误</a>

    <div id='div_ft1.30' class="popup_window">
        <pre>ft1.30: ImportError: Failed to import test module: testWebMerchantSearch
Traceback (most recent call last):
  File "E:\python\Python36-32\lib\unittest\loader.py", line 428, in _find_test_path
    module = self._get_module_from_name(name)
  File "E:\python\Python36-32\lib\unittest\loader.py", line 369, in _get_module_from_name
    __import__(name)
  File "f:\843092012\FileRecv\AutoTest\InterfaceTest\AthenaTest\testcase\search_testcase\testWebMerchantSearch.py", line 3, in &lt;module&gt;
    from AthenaTest.common.loadDatas import *
ModuleNotFoundError: No module named 'AthenaTest'

</pre>
    </div>
    <!--css div popup end-->

    </td>
</tr>

<tr id='ft1.31' class='none'>
    <td class='errorCase'><div class='testcase'>testWebOrderChangeSearch</div></td>
    <td colspan='5' align='center'>

    <!--css div popup start-->
    <a class="popup_link" onfocus='this.blur();' href="javascript:showTestDetail('div_ft1.31')" >
        错误</a>

    <div id='div_ft1.31' class="popup_window">
        <pre>ft1.31: ImportError: Failed to import test module: testWebOrderChangeSearch
Traceback (most recent call last):
  File "E:\python\Python36-32\lib\unittest\loader.py", line 428, in _find_test_path
    module = self._get_module_from_name(name)
  File "E:\python\Python36-32\lib\unittest\loader.py", line 369, in _get_module_from_name
    __import__(name)
  File "f:\843092012\FileRecv\AutoTest\InterfaceTest\AthenaTest\testcase\search_testcase\testWebOrderChangeSearch.py", line 3, in &lt;module&gt;
    from AthenaTest.common.loadDatas import *
ModuleNotFoundError: No module named 'AthenaTest'

</pre>
    </div>
    <!--css div popup end-->

    </td>
</tr>

<tr id='ft1.32' class='none'>
    <td class='errorCase'><div class='testcase'>testWebOrderManageSearch</div></td>
    <td colspan='5' align='center'>

    <!--css div popup start-->
    <a class="popup_link" onfocus='this.blur();' href="javascript:showTestDetail('div_ft1.32')" >
        错误</a>

    <div id='div_ft1.32' class="popup_window">
        <pre>ft1.32: ImportError: Failed to import test module: testWebOrderManageSearch
Traceback (most recent call last):
  File "E:\python\Python36-32\lib\unittest\loader.py", line 428, in _find_test_path
    module = self._get_module_from_name(name)
  File "E:\python\Python36-32\lib\unittest\loader.py", line 369, in _get_module_from_name
    __import__(name)
  File "f:\843092012\FileRecv\AutoTest\InterfaceTest\AthenaTest\testcase\search_testcase\testWebOrderManageSearch.py", line 3, in &lt;module&gt;
    from AthenaTest.common.loadDatas import *
ModuleNotFoundError: No module named 'AthenaTest'

</pre>
    </div>
    <!--css div popup end-->

    </td>
</tr>

<tr id='ft1.33' class='none'>
    <td class='errorCase'><div class='testcase'>testWebQualityAssuranceSearch</div></td>
    <td colspan='5' align='center'>

    <!--css div popup start-->
    <a class="popup_link" onfocus='this.blur();' href="javascript:showTestDetail('div_ft1.33')" >
        错误</a>

    <div id='div_ft1.33' class="popup_window">
        <pre>ft1.33: ImportError: Failed to import test module: testWebQualityAssuranceSearch
Traceback (most recent call last):
  File "E:\python\Python36-32\lib\unittest\loader.py", line 428, in _find_test_path
    module = self._get_module_from_name(name)
  File "E:\python\Python36-32\lib\unittest\loader.py", line 369, in _get_module_from_name
    __import__(name)
  File "f:\843092012\FileRecv\AutoTest\InterfaceTest\AthenaTest\testcase\search_testcase\testWebQualityAssuranceSearch.py", line 3, in &lt;module&gt;
    from AthenaTest.common.loadDatas import *
ModuleNotFoundError: No module named 'AthenaTest'

</pre>
    </div>
    <!--css div popup end-->

    </td>
</tr>

<tr id='ft1.34' class='none'>
    <td class='errorCase'><div class='testcase'>testWebQualityManageSearch</div></td>
    <td colspan='5' align='center'>

    <!--css div popup start-->
    <a class="popup_link" onfocus='this.blur();' href="javascript:showTestDetail('div_ft1.34')" >
        错误</a>

    <div id='div_ft1.34' class="popup_window">
        <pre>ft1.34: ImportError: Failed to import test module: testWebQualityManageSearch
Traceback (most recent call last):
  File "E:\python\Python36-32\lib\unittest\loader.py", line 428, in _find_test_path
    module = self._get_module_from_name(name)
  File "E:\python\Python36-32\lib\unittest\loader.py", line 369, in _get_module_from_name
    __import__(name)
  File "f:\843092012\FileRecv\AutoTest\InterfaceTest\AthenaTest\testcase\search_testcase\testWebQualityManageSearch.py", line 3, in &lt;module&gt;
    from AthenaTest.common.loadDatas import *
ModuleNotFoundError: No module named 'AthenaTest'

</pre>
    </div>
    <!--css div popup end-->

    </td>
</tr>

<tr id='ft1.35' class='none'>
    <td class='errorCase'><div class='testcase'>testWebSystemSortingSearch</div></td>
    <td colspan='5' align='center'>

    <!--css div popup start-->
    <a class="popup_link" onfocus='this.blur();' href="javascript:showTestDetail('div_ft1.35')" >
        错误</a>

    <div id='div_ft1.35' class="popup_window">
        <pre>ft1.35: ImportError: Failed to import test module: testWebSystemSortingSearch
Traceback (most recent call last):
  File "E:\python\Python36-32\lib\unittest\loader.py", line 428, in _find_test_path
    module = self._get_module_from_name(name)
  File "E:\python\Python36-32\lib\unittest\loader.py", line 369, in _get_module_from_name
    __import__(name)
  File "f:\843092012\FileRecv\AutoTest\InterfaceTest\AthenaTest\testcase\search_testcase\testWebSystemSortingSearch.py", line 3, in &lt;module&gt;
    from AthenaTest.common.loadDatas import *
ModuleNotFoundError: No module named 'AthenaTest'

</pre>
    </div>
    <!--css div popup end-->

    </td>
</tr>

<tr id='ft1.36' class='none'>
    <td class='errorCase'><div class='testcase'>testWebTerminalManageSearch</div></td>
    <td colspan='5' align='center'>

    <!--css div popup start-->
    <a class="popup_link" onfocus='this.blur();' href="javascript:showTestDetail('div_ft1.36')" >
        错误</a>

    <div id='div_ft1.36' class="popup_window">
        <pre>ft1.36: ImportError: Failed to import test module: testWebTerminalManageSearch
Traceback (most recent call last):
  File "E:\python\Python36-32\lib\unittest\loader.py", line 428, in _find_test_path
    module = self._get_module_from_name(name)
  File "E:\python\Python36-32\lib\unittest\loader.py", line 369, in _get_module_from_name
    __import__(name)
  File "f:\843092012\FileRecv\AutoTest\InterfaceTest\AthenaTest\testcase\search_testcase\testWebTerminalManageSearch.py", line 3, in &lt;module&gt;
    from AthenaTest.common.loadDatas import *
ModuleNotFoundError: No module named 'AthenaTest'

</pre>
    </div>
    <!--css div popup end-->

    </td>
</tr>

<tr id='ft1.37' class='none'>
    <td class='errorCase'><div class='testcase'>testWebTimebarOrderSearch</div></td>
    <td colspan='5' align='center'>

    <!--css div popup start-->
    <a class="popup_link" onfocus='this.blur();' href="javascript:showTestDetail('div_ft1.37')" >
        错误</a>

    <div id='div_ft1.37' class="popup_window">
        <pre>ft1.37: ImportError: Failed to import test module: testWebTimebarOrderSearch
Traceback (most recent call last):
  File "E:\python\Python36-32\lib\unittest\loader.py", line 428, in _find_test_path
    module = self._get_module_from_name(name)
  File "E:\python\Python36-32\lib\unittest\loader.py", line 369, in _get_module_from_name
    __import__(name)
  File "f:\843092012\FileRecv\AutoTest\InterfaceTest\AthenaTest\testcase\search_testcase\testWebTimebarOrderSearch.py", line 3, in &lt;module&gt;
    from AthenaTest.common.loadDatas import *
ModuleNotFoundError: No module named 'AthenaTest'

</pre>
    </div>
    <!--css div popup end-->

    </td>
</tr>

<tr id='ft1.38' class='none'>
    <td class='errorCase'><div class='testcase'>testWebWarehouseClearingSearch</div></td>
    <td colspan='5' align='center'>

    <!--css div popup start-->
    <a class="popup_link" onfocus='this.blur();' href="javascript:showTestDetail('div_ft1.38')" >
        错误</a>

    <div id='div_ft1.38' class="popup_window">
        <pre>ft1.38: ImportError: Failed to import test module: testWebWarehouseClearingSearch
Traceback (most recent call last):
  File "E:\python\Python36-32\lib\unittest\loader.py", line 428, in _find_test_path
    module = self._get_module_from_name(name)
  File "E:\python\Python36-32\lib\unittest\loader.py", line 369, in _get_module_from_name
    __import__(name)
  File "f:\843092012\FileRecv\AutoTest\InterfaceTest\AthenaTest\testcase\search_testcase\testWebWarehouseClearingSearch.py", line 3, in &lt;module&gt;
    from AthenaTest.common.loadDatas import *
ModuleNotFoundError: No module named 'AthenaTest'

</pre>
    </div>
    <!--css div popup end-->

    </td>
</tr>

<tr id='ft1.39' class='none'>
    <td class='errorCase'><div class='testcase'>testWebWarehouseUserManageSearch</div></td>
    <td colspan='5' align='center'>

    <!--css div popup start-->
    <a class="popup_link" onfocus='this.blur();' href="javascript:showTestDetail('div_ft1.39')" >
        错误</a>

    <div id='div_ft1.39' class="popup_window">
        <pre>ft1.39: ImportError: Failed to import test module: testWebWarehouseUserManageSearch
Traceback (most recent call last):
  File "E:\python\Python36-32\lib\unittest\loader.py", line 428, in _find_test_path
    module = self._get_module_from_name(name)
  File "E:\python\Python36-32\lib\unittest\loader.py", line 369, in _get_module_from_name
    __import__(name)
  File "f:\843092012\FileRecv\AutoTest\InterfaceTest\AthenaTest\testcase\search_testcase\testWebWarehouseUserManageSearch.py", line 3, in &lt;module&gt;
    from AthenaTest.common.loadDatas import *
ModuleNotFoundError: No module named 'AthenaTest'

</pre>
    </div>
    <!--css div popup end-->

    </td>
</tr>

        <tr id='total_row'>
            <td>总计</td>
            <td>39</td>
            <td>0</td>
            <td>0</td>
            <td>39</td>
            <td>&nbsp;</td>
        </tr>
    </table>

        <div id='ending'>&nbsp;</div>
        
    <script type="text/javascript">
        // 基于准备好的dom，初始化echarts实例
        var myChart = echarts.init(document.getElementById('chart'));

        // 指定图表的配置项和数据
        var option = {
            title : {
                text: '测试执行情况',
                x:'center'
            },
            tooltip : {
                trigger: 'item',
                formatter: "{a} <br/>{b} : {c} ({d}%)"
            },
            color: ['#95b75d', 'grey', '#b64645'],
            legend: {
                orient: 'vertical',
                left: 'left',
                data: ['通过','失败','错误']
            },
            series : [
                {
                    name: '测试执行情况',
                    type: 'pie',
                    radius : '60%',
                    center: ['50%', '60%'],
                    data:[
                        {value:0, name:'通过'},
                        {value:0, name:'失败'},
                        {value:39, name:'错误'}
                    ],
                    itemStyle: {
                        emphasis: {
                            shadowBlur: 10,
                            shadowOffsetX: 0,
                            shadowColor: 'rgba(0, 0, 0, 0.5)'
                        }
                    }
                }
            ]
        };

        // 使用刚指定的配置项和数据显示图表。
        myChart.setOption(option);
    </script>
    
    </div>
</body>
</html>
